<?xml version="1.0" encoding="UTF-8"?>
<!-- Generated by org.testng.reporters.JUnitReportReporter -->
<testsuite skipped="0" hostname="IMPUMA-LTP-MLUNGISI" name="MobileEngine.APN_Tests" tests="3" failures="0" timestamp="2020-06-02T17:05:37 CAT" time="23.275" errors="0">
  <testcase name="verify_if_homepage_is_displayed" time="16.137" classname="MobileEngine.APN_Tests"/>
  <system-out/>
  <testcase name="select_menu" time="2.027" classname="MobileEngine.APN_Tests"/>
  <system-out/>
  <testcase name="unsuccessfulLogin" time="5.111" classname="MobileEngine.APN_Tests"/>
  <system-out/>
</testsuite> <!-- MobileEngine.APN_Tests -->
